TN:
SF:src/client/SocketController.js
FN:31,(anonymous_0)
FN:36,(anonymous_1)
FN:38,(anonymous_2)
FN:42,(anonymous_3)
FN:46,(anonymous_4)
FN:52,(anonymous_5)
FN:56,(anonymous_6)
FN:60,(anonymous_7)
FN:64,(anonymous_8)
FNF:9
FNH:0
FNDA:0,(anonymous_0)
FNDA:0,(anonymous_1)
FNDA:0,(anonymous_2)
FNDA:0,(anonymous_3)
FNDA:0,(anonymous_4)
FNDA:0,(anonymous_5)
FNDA:0,(anonymous_6)
FNDA:0,(anonymous_7)
FNDA:0,(anonymous_8)
DA:32,0
DA:34,0
DA:36,0
DA:38,0
DA:39,0
DA:42,0
DA:43,0
DA:46,0
DA:47,0
DA:48,0
DA:49,0
DA:52,0
DA:53,0
DA:56,0
DA:57,0
DA:60,0
DA:61,0
DA:64,0
DA:65,0
LF:19
LH:0
BRF:0
BRH:0
end_of_record
TN:
SF:src/client/index.js
FNF:0
FNH:0
DA:24,0
DA:28,0
DA:35,0
LF:3
LH:0
BRDA:25,0,0,0
BRDA:25,0,1,0
BRF:2
BRH:0
end_of_record
TN:
SF:src/client/actions/socketActions.js
FN:21,(anonymous_0)
FN:26,(anonymous_1)
FN:31,(anonymous_2)
FN:36,(anonymous_3)
FN:41,(anonymous_4)
FN:46,(anonymous_5)
FN:51,(anonymous_6)
FNF:7
FNH:0
FNDA:0,(anonymous_0)
FNDA:0,(anonymous_1)
FNDA:0,(anonymous_2)
FNDA:0,(anonymous_3)
FNDA:0,(anonymous_4)
FNDA:0,(anonymous_5)
FNDA:0,(anonymous_6)
DA:13,0
DA:14,0
DA:15,0
DA:16,0
DA:17,0
DA:18,0
DA:19,0
DA:21,0
DA:26,0
DA:31,0
DA:36,0
DA:41,0
DA:46,0
DA:51,0
LF:14
LH:0
BRF:0
BRH:0
end_of_record
TN:
SF:src/client/actions/tetrisActions.js
FN:22,(anonymous_0)
FN:26,(anonymous_1)
FN:31,(anonymous_2)
FN:36,(anonymous_3)
FN:40,(anonymous_4)
FN:45,(anonymous_5)
FN:50,(anonymous_6)
FN:54,(anonymous_7)
FNF:8
FNH:0
FNDA:0,(anonymous_0)
FNDA:0,(anonymous_1)
FNDA:0,(anonymous_2)
FNDA:0,(anonymous_3)
FNDA:0,(anonymous_4)
FNDA:0,(anonymous_5)
FNDA:0,(anonymous_6)
FNDA:0,(anonymous_7)
DA:13,0
DA:14,0
DA:15,0
DA:16,0
DA:17,0
DA:18,0
DA:19,0
DA:20,0
DA:22,0
DA:26,0
DA:31,0
DA:36,0
DA:40,0
DA:45,0
DA:50,0
DA:54,0
LF:16
LH:0
BRF:0
BRH:0
end_of_record
TN:
SF:src/client/components/GameOverOverlay.js
FN:16,(anonymous_0)
FNF:1
FNH:1
FNDA:3,(anonymous_0)
DA:16,3
DA:31,1
LF:2
LH:2
BRDA:16,0,0,1
BRDA:28,1,0,1
BRDA:28,1,1,2
BRF:3
BRH:3
end_of_record
TN:
SF:src/client/components/GhostDisplayer.js
FN:23,(anonymous_0)
FN:23,(anonymous_1)
FN:25,(anonymous_2)
FN:38,(anonymous_3)
FN:38,(anonymous_4)
FN:65,(anonymous_5)
FN:75,(anonymous_6)
FNF:7
FNH:7
FNDA:20,(anonymous_0)
FNDA:200,(anonymous_1)
FNDA:2,(anonymous_2)
FNDA:20,(anonymous_3)
FNDA:200,(anonymous_4)
FNDA:2,(anonymous_5)
FNDA:2,(anonymous_6)
DA:20,1
DA:21,1
DA:23,20
DA:25,1
DA:26,2
DA:38,20
DA:39,200
DA:55,1
DA:63,1
DA:65,1
DA:66,2
DA:67,2
DA:75,2
DA:77,1
LF:14
LH:14
BRDA:36,0,0,1
BRDA:36,0,1,1
BRDA:37,1,0,1
BRDA:37,1,1,1
BRDA:40,2,0,9
BRDA:40,2,1,191
BRDA:42,3,0,43
BRDA:42,3,1,148
BRDA:66,4,0,2
BRDA:66,4,1,0
BRDA:66,5,0,2
BRDA:66,5,1,0
BRDA:69,6,0,2
BRDA:69,6,1,1
BRDA:70,7,0,2
BRDA:70,7,1,0
BRF:16
BRH:13
end_of_record
TN:
SF:src/client/components/HoldAndCommingNextDisplayer.js
FN:21,(anonymous_0)
FN:45,(anonymous_1)
FN:54,(anonymous_2)
FN:59,(anonymous_3)
FNF:4
FNH:4
FNDA:2,(anonymous_0)
FNDA:4,(anonymous_1)
FNDA:2,(anonymous_2)
FNDA:2,(anonymous_3)
DA:19,1
DA:21,2
DA:45,4
DA:49,1
DA:54,2
DA:59,2
DA:61,1
LF:7
LH:7
BRDA:37,0,0,1
BRDA:37,0,1,1
BRF:2
BRH:2
end_of_record
TN:
SF:src/client/components/OnePieceDisplayer.js
FN:20,(anonymous_0)
FN:22,(anonymous_1)
FN:29,(anonymous_2)
FN:29,(anonymous_3)
FNF:4
FNH:4
FNDA:4,(anonymous_0)
FNDA:5,(anonymous_1)
FNDA:20,(anonymous_2)
FNDA:80,(anonymous_3)
DA:18,1
DA:20,1
DA:22,1
DA:23,5
DA:24,5
DA:25,5
DA:29,20
DA:30,80
DA:31,80
DA:35,80
DA:40,1
LF:11
LH:11
BRDA:23,0,0,4
BRDA:23,0,1,1
BRDA:23,1,0,5
BRDA:23,1,1,5
BRDA:24,2,0,4
BRDA:24,2,1,1
BRDA:24,3,0,5
BRDA:24,3,1,5
BRDA:31,4,0,20
BRDA:31,4,1,60
BRDA:31,5,0,80
BRDA:31,5,1,60
BRDA:31,5,2,45
BRF:13
BRH:13
end_of_record
TN:
SF:src/client/components/OtherPlayersDisplayer.js
FN:20,(anonymous_0)
FN:27,(anonymous_1)
FN:46,(anonymous_2)
FN:52,(anonymous_3)
FNF:4
FNH:4
FNDA:2,(anonymous_0)
FNDA:4,(anonymous_1)
FNDA:2,(anonymous_2)
FNDA:2,(anonymous_3)
DA:20,1
DA:21,2
DA:28,4
DA:29,2
DA:40,1
DA:46,2
DA:52,2
DA:54,1
LF:8
LH:8
BRDA:28,0,0,2
BRDA:28,0,1,2
BRDA:31,1,0,2
BRDA:31,1,1,0
BRDA:48,2,0,2
BRDA:48,2,1,0
BRF:6
BRH:4
end_of_record
TN:
SF:src/client/components/TetrisDisplayer.js
FN:30,(anonymous_0)
FN:33,(anonymous_1)
FN:40,(anonymous_2)
FN:42,convPieceCoords
FN:43,(anonymous_4)
FN:43,(anonymous_5)
FN:45,(anonymous_6)
FN:45,(anonymous_7)
FN:46,(anonymous_8)
FN:61,(anonymous_9)
FN:81,(anonymous_10)
FN:82,(anonymous_11)
FN:98,(anonymous_12)
FN:117,(anonymous_13)
FNF:14
FNH:14
FNDA:804,(anonymous_0)
FNDA:6290,(anonymous_1)
FNDA:4,(anonymous_2)
FNDA:8,convPieceCoords
FNDA:24,(anonymous_4)
FNDA:72,(anonymous_5)
FNDA:72,(anonymous_6)
FNDA:24,(anonymous_7)
FNDA:16,(anonymous_8)
FNDA:4,(anonymous_9)
FNDA:80,(anonymous_10)
FNDA:800,(anonymous_11)
FNDA:4,(anonymous_12)
FNDA:4,(anonymous_13)
DA:23,1
DA:24,1
DA:26,1
DA:27,1
DA:28,1
DA:30,1
DA:31,804
DA:32,803
DA:33,6290
DA:34,802
DA:35,769
DA:40,1
DA:43,24
DA:44,72
DA:45,72
DA:46,16
DA:47,8
DA:50,4
DA:51,4
DA:52,4
DA:53,4
DA:55,4
DA:61,1
DA:63,4
DA:65,4
DA:76,4
DA:82,80
DA:83,800
DA:88,1
DA:98,1
DA:99,4
DA:100,2
DA:107,2
DA:108,2
DA:117,4
DA:119,1
LF:36
LH:36
BRDA:31,0,0,1
BRDA:31,0,1,803
BRDA:32,1,0,1
BRDA:32,1,1,802
BRDA:33,2,0,6290
BRDA:33,2,1,609
BRDA:34,3,0,33
BRDA:34,3,1,769
BRDA:44,4,0,32
BRDA:44,4,1,40
BRDA:50,5,0,0
BRDA:50,5,1,4
BRDA:53,6,0,0
BRDA:53,6,1,4
BRDA:77,7,0,2
BRDA:77,7,1,2
BRDA:99,8,0,2
BRDA:99,8,1,2
BRDA:101,9,0,2
BRDA:101,9,1,0
BRDA:102,10,0,2
BRDA:102,10,1,0
BRDA:103,11,0,2
BRDA:103,11,1,1
BRDA:104,12,0,2
BRDA:104,12,1,0
BRDA:107,13,0,2
BRDA:107,13,1,0
BRDA:107,14,0,2
BRDA:107,14,1,0
BRDA:109,15,0,2
BRDA:109,15,1,0
BRDA:110,16,0,2
BRDA:110,16,1,0
BRDA:111,17,0,2
BRDA:111,17,1,1
BRDA:112,18,0,2
BRDA:112,18,1,0
BRF:38
BRH:28
end_of_record
TN:
SF:src/client/components/TetrisSquare.js
FN:16,(anonymous_0)
FNF:1
FNH:1
FNDA:1002,(anonymous_0)
DA:16,1002
DA:24,1
LF:2
LH:2
BRDA:16,0,0,801
BRDA:20,1,0,201
BRDA:20,1,1,801
BRF:3
BRH:3
end_of_record
TN:
SF:src/client/containers/App.js
FN:20,(anonymous_0)
FN:24,(anonymous_1)
FN:29,(anonymous_2)
FN:44,(anonymous_3)
FN:49,(anonymous_4)
FNF:5
FNH:0
FNDA:0,(anonymous_0)
FNDA:0,(anonymous_1)
FNDA:0,(anonymous_2)
FNDA:0,(anonymous_3)
FNDA:0,(anonymous_4)
DA:20,0
DA:22,0
DA:24,0
DA:26,0
DA:29,0
DA:39,0
DA:44,0
DA:49,0
DA:51,0
LF:9
LH:0
BRDA:31,0,0,0
BRDA:31,0,1,0
BRF:2
BRH:0
end_of_record
TN:
SF:src/client/containers/GameSelector.js
FN:17,(anonymous_0)
FN:19,(anonymous_1)
FN:23,(anonymous_2)
FN:35,(anonymous_3)
FN:40,(anonymous_4)
FN:48,(anonymous_5)
FN:53,(anonymous_6)
FN:65,(anonymous_7)
FN:70,(anonymous_8)
FNF:9
FNH:0
FNDA:0,(anonymous_0)
FNDA:0,(anonymous_1)
FNDA:0,(anonymous_2)
FNDA:0,(anonymous_3)
FNDA:0,(anonymous_4)
FNDA:0,(anonymous_5)
FNDA:0,(anonymous_6)
FNDA:0,(anonymous_7)
FNDA:0,(anonymous_8)
DA:17,0
DA:19,0
DA:20,0
DA:23,0
DA:24,0
DA:27,0
DA:29,0
DA:31,0
DA:35,0
DA:40,0
DA:48,0
DA:53,0
DA:60,0
DA:65,0
DA:70,0
DA:72,0
LF:16
LH:0
BRDA:66,0,0,0
BRDA:66,0,1,0
BRF:2
BRH:0
end_of_record
TN:
SF:src/client/containers/GameStarter.js
FN:17,(anonymous_0)
FN:21,(anonymous_1)
FN:26,(anonymous_2)
FN:52,(anonymous_3)
FN:58,(anonymous_4)
FNF:5
FNH:0
FNDA:0,(anonymous_0)
FNDA:0,(anonymous_1)
FNDA:0,(anonymous_2)
FNDA:0,(anonymous_3)
FNDA:0,(anonymous_4)
DA:17,0
DA:19,0
DA:21,0
DA:22,0
DA:23,0
DA:26,0
DA:27,0
DA:30,0
DA:46,0
DA:52,0
DA:58,0
DA:60,0
LF:12
LH:0
BRDA:22,0,0,0
BRDA:22,0,1,0
BRDA:32,1,0,0
BRDA:32,1,1,0
BRDA:35,2,0,0
BRDA:35,2,1,0
BRDA:36,3,0,0
BRDA:36,3,1,0
BRDA:39,4,0,0
BRDA:39,4,1,0
BRF:10
BRH:0
end_of_record
TN:
SF:src/client/containers/TetrisController.js
FN:30,(anonymous_0)
FN:34,(anonymous_1)
FN:42,(anonymous_2)
FN:53,(anonymous_3)
FN:86,(anonymous_4)
FN:87,(anonymous_5)
FN:90,(anonymous_6)
FNF:7
FNH:0
FNDA:0,(anonymous_0)
FNDA:0,(anonymous_1)
FNDA:0,(anonymous_2)
FNDA:0,(anonymous_3)
FNDA:0,(anonymous_4)
FNDA:0,(anonymous_5)
FNDA:0,(anonymous_6)
DA:28,0
DA:30,0
DA:32,0
DA:34,0
DA:35,0
DA:36,0
DA:37,0
DA:38,0
DA:42,0
DA:43,0
DA:44,0
DA:45,0
DA:46,0
DA:49,0
DA:53,0
DA:54,0
DA:55,0
DA:56,0
DA:60,0
DA:78,0
DA:86,0
DA:87,0
DA:90,0
DA:97,0
LF:24
LH:0
BRDA:35,0,0,0
BRDA:35,0,1,0
BRDA:43,1,0,0
BRDA:43,1,1,0
BRDA:54,2,0,0
BRDA:54,2,1,0
BRDA:54,3,0,0
BRDA:54,3,1,0
BRDA:63,4,0,0
BRDA:63,4,1,0
BRDA:91,5,0,0
BRDA:91,5,1,0
BRDA:93,6,0,0
BRDA:93,6,1,0
BRF:14
BRH:0
end_of_record
TN:
SF:src/client/reducers/allReducers.js
FNF:0
FNH:0
LF:0
LH:0
BRF:0
BRH:0
end_of_record
TN:
SF:src/client/reducers/socketReducer.js
FN:23,(anonymous_0)
FNF:1
FNH:0
FNDA:0,(anonymous_0)
DA:23,0
DA:24,0
DA:26,0
DA:31,0
DA:37,0
DA:43,0
DA:49,0
DA:55,0
DA:61,0
DA:73,0
LF:10
LH:0
BRDA:23,0,0,0
BRDA:24,1,0,0
BRDA:24,1,1,0
BRDA:24,1,2,0
BRDA:24,1,3,0
BRDA:24,1,4,0
BRDA:24,1,5,0
BRDA:24,1,6,0
BRDA:24,1,7,0
BRF:9
BRH:0
end_of_record
TN:
SF:src/client/reducers/tetrisReducer.js
FN:33,(anonymous_0)
FN:33,(anonymous_1)
FN:37,calcPoints
FN:54,(anonymous_3)
FNF:4
FNH:0
FNDA:0,(anonymous_0)
FNDA:0,(anonymous_1)
FNDA:0,calcPoints
FNDA:0,(anonymous_3)
DA:31,0
DA:32,0
DA:33,0
DA:38,0
DA:40,0
DA:42,0
DA:44,0
DA:46,0
DA:48,0
DA:50,0
DA:54,0
DA:55,0
DA:57,0
DA:69,0
DA:70,0
DA:71,0
DA:81,0
DA:82,0
DA:83,0
DA:85,0
DA:87,0
DA:101,0
DA:102,0
DA:103,0
DA:113,0
DA:114,0
DA:115,0
DA:116,0
DA:118,0
DA:125,0
DA:127,0
DA:128,0
DA:132,0
DA:145,0
DA:146,0
DA:153,0
DA:160,0
DA:167,0
LF:38
LH:0
BRDA:38,0,0,0
BRDA:38,0,1,0
BRDA:38,0,2,0
BRDA:38,0,3,0
BRDA:38,0,4,0
BRDA:38,0,5,0
BRDA:54,1,0,0
BRDA:55,2,0,0
BRDA:55,2,1,0
BRDA:55,2,2,0
BRDA:55,2,3,0
BRDA:55,2,4,0
BRDA:55,2,5,0
BRDA:55,2,6,0
BRDA:55,2,7,0
BRDA:55,2,8,0
BRDA:70,3,0,0
BRDA:70,3,1,0
BRDA:90,4,0,0
BRDA:90,4,1,0
BRDA:101,5,0,0
BRDA:101,5,1,0
BRDA:115,6,0,0
BRDA:115,6,1,0
BRDA:125,7,0,0
BRDA:125,7,1,0
BRDA:128,8,0,0
BRDA:128,8,1,0
BRDA:138,9,0,0
BRDA:138,9,1,0
BRDA:145,10,0,0
BRDA:145,10,1,0
BRF:32
BRH:0
end_of_record
TN:
SF:src/client/tetrisLogic/checkTetris.js
FN:13,(anonymous_0)
FN:16,(anonymous_1)
FN:19,(anonymous_2)
FN:22,(anonymous_3)
FN:28,(anonymous_4)
FN:28,(anonymous_5)
FNF:6
FNH:0
FNDA:0,(anonymous_0)
FNDA:0,(anonymous_1)
FNDA:0,(anonymous_2)
FNDA:0,(anonymous_3)
FNDA:0,(anonymous_4)
FNDA:0,(anonymous_5)
DA:13,0
DA:16,0
DA:19,0
DA:22,0
DA:24,0
DA:25,0
DA:27,0
DA:28,0
LF:8
LH:0
BRDA:19,0,0,0
BRDA:19,0,1,0
BRDA:19,1,0,0
BRDA:19,1,1,0
BRF:4
BRH:0
end_of_record
TN:
SF:src/client/tetrisLogic/frameControl.js
FN:21,(anonymous_0)
FN:27,(anonymous_1)
FN:30,(anonymous_2)
FN:30,(anonymous_3)
FN:34,(anonymous_4)
FNF:5
FNH:0
FNDA:0,(anonymous_0)
FNDA:0,(anonymous_1)
FNDA:0,(anonymous_2)
FNDA:0,(anonymous_3)
FNDA:0,(anonymous_4)
DA:19,0
DA:20,0
DA:21,0
DA:23,0
DA:24,0
DA:25,0
DA:27,0
DA:28,0
DA:30,0
DA:34,0
DA:35,0
DA:36,0
DA:37,0
DA:38,0
DA:39,0
DA:40,0
DA:42,0
DA:48,0
DA:49,0
DA:52,0
DA:53,0
LF:21
LH:0
BRDA:27,0,0,0
BRDA:28,1,0,0
BRDA:28,1,1,0
BRDA:31,2,0,0
BRDA:31,2,1,0
BRDA:31,3,0,0
BRDA:31,3,1,0
BRDA:48,4,0,0
BRDA:48,4,1,0
BRDA:52,5,0,0
BRDA:52,5,1,0
BRF:11
BRH:0
end_of_record
TN:
SF:src/client/tetrisLogic/ghostPiecePos.js
FN:17,(anonymous_0)
FNF:1
FNH:1
FNDA:84,(anonymous_0)
DA:15,1
DA:17,1
DA:18,84
DA:19,80
DA:20,80
DA:21,76
LF:6
LH:6
BRDA:18,0,0,4
BRDA:18,0,1,80
BRDA:19,1,0,0
BRDA:19,1,1,80
BRDA:20,2,0,4
BRDA:20,2,1,76
BRF:6
BRH:5
end_of_record
TN:
SF:src/client/tetrisLogic/handleAddLockedRows.js
FN:18,(anonymous_0)
FN:21,(anonymous_1)
FN:21,(anonymous_2)
FN:29,(anonymous_3)
FN:30,(anonymous_4)
FNF:5
FNH:0
FNDA:0,(anonymous_0)
FNDA:0,(anonymous_1)
FNDA:0,(anonymous_2)
FNDA:0,(anonymous_3)
FNDA:0,(anonymous_4)
DA:15,0
DA:16,0
DA:18,0
DA:19,0
DA:21,0
DA:24,0
DA:25,0
DA:29,0
DA:31,0
DA:32,0
DA:33,0
DA:34,0
DA:36,0
DA:37,0
DA:39,0
LF:15
LH:0
BRDA:24,0,0,0
BRDA:24,0,1,0
BRDA:31,1,0,0
BRDA:31,1,1,0
BRDA:33,2,0,0
BRDA:33,2,1,0
BRDA:36,3,0,0
BRDA:36,3,1,0
BRF:8
BRH:0
end_of_record
TN:
SF:src/client/tetrisLogic/keyDownControl.js
FN:19,(anonymous_0)
FNF:1
FNH:0
FNDA:0,(anonymous_0)
DA:19,0
DA:20,0
DA:21,0
DA:22,0
DA:23,0
DA:26,0
DA:29,0
DA:34,0
DA:35,0
DA:40,0
DA:41,0
DA:45,0
DA:46,0
DA:49,0
DA:50,0
DA:53,0
DA:54,0
DA:58,0
DA:59,0
DA:60,0
DA:61,0
DA:66,0
DA:67,0
DA:71,0
DA:72,0
DA:75,0
LF:26
LH:0
BRDA:21,0,0,0
BRDA:21,0,1,0
BRDA:26,1,0,0
BRDA:26,1,1,0
BRDA:29,2,0,0
BRDA:29,2,1,0
BRDA:29,2,2,0
BRDA:29,2,3,0
BRDA:29,2,4,0
BRDA:29,2,5,0
BRDA:29,2,6,0
BRDA:29,2,7,0
BRDA:29,2,8,0
BRDA:29,2,9,0
BRDA:29,2,10,0
BRDA:59,3,0,0
BRDA:59,3,1,0
BRF:17
BRH:0
end_of_record
TN:
SF:src/client/tetrisLogic/moveAndRotationPiece.js
FN:13,lineEmpty
FN:14,(anonymous_1)
FN:20,(anonymous_2)
FN:21,(anonymous_3)
FN:24,(anonymous_4)
FN:34,(anonymous_5)
FN:50,(anonymous_6)
FN:58,(anonymous_7)
FN:61,(anonymous_8)
FNF:9
FNH:6
FNDA:240,lineEmpty
FNDA:520,(anonymous_1)
FNDA:80,(anonymous_2)
FNDA:240,(anonymous_3)
FNDA:468,(anonymous_4)
FNDA:236,(anonymous_5)
FNDA:0,(anonymous_6)
FNDA:0,(anonymous_7)
FNDA:0,(anonymous_8)
DA:14,520
DA:17,1
DA:18,1
DA:20,1
DA:21,80
DA:22,240
DA:23,160
DA:24,156
DA:25,468
DA:28,310
DA:31,310
DA:32,310
DA:34,236
DA:50,1
DA:51,0
DA:55,0
DA:58,0
DA:62,0
LF:18
LH:14
BRDA:22,0,0,80
BRDA:22,0,1,160
BRDA:23,1,0,4
BRDA:23,1,1,156
BRDA:25,2,0,158
BRDA:25,2,1,310
BRDA:28,3,0,0
BRDA:28,3,1,310
BRDA:28,4,0,310
BRDA:28,4,1,310
BRDA:31,5,0,0
BRDA:31,5,1,310
BRDA:62,6,0,0
BRDA:62,6,1,0
BRF:14
BRH:10
end_of_record
TN:
SF:src/client/tetrisLogic/nextPiece.js
FN:20,(anonymous_0)
FN:25,nextPiece
FN:37,resetPiecePositionAndRotation
FNF:3
FNH:2
FNDA:4,(anonymous_0)
FNDA:4,nextPiece
FNDA:0,resetPiecePositionAndRotation
DA:16,1
DA:17,1
DA:18,1
DA:20,4
DA:26,4
DA:28,4
DA:29,4
DA:38,0
LF:8
LH:7
BRDA:20,0,0,0
BRDA:20,0,1,4
BRDA:22,1,0,0
BRDA:22,1,1,4
BRDA:26,2,0,4
BRDA:26,2,1,0
BRF:6
BRH:3
end_of_record
TN:
SF:src/client/tetrisLogic/putPieceIntoBoard.js
FN:15,putPieceIntoBoard
FN:16,(anonymous_1)
FN:17,(anonymous_2)
FN:20,(anonymous_3)
FN:23,(anonymous_4)
FN:23,(anonymous_5)
FN:24,(anonymous_6)
FNF:7
FNH:0
FNDA:0,putPieceIntoBoard
FNDA:0,(anonymous_1)
FNDA:0,(anonymous_2)
FNDA:0,(anonymous_3)
FNDA:0,(anonymous_4)
FNDA:0,(anonymous_5)
FNDA:0,(anonymous_6)
DA:16,0
DA:17,0
DA:18,0
DA:20,0
DA:23,0
DA:24,0
DA:25,0
LF:7
LH:0
BRDA:18,0,0,0
BRDA:18,0,1,0
BRDA:24,1,0,0
BRDA:24,1,1,0
BRDA:24,2,0,0
BRDA:24,2,1,0
BRF:6
BRH:0
end_of_record
TN:
SF:src/client/tetrisLogic/randomGenerator.js
FN:29,(anonymous_0)
FNF:1
FNH:0
FNDA:0,(anonymous_0)
DA:19,1
DA:29,1
DA:31,0
DA:32,0
LF:4
LH:2
BRF:0
BRH:0
end_of_record
TN:
SF:src/client/tetrisLogic/tetrisPieces.js
FNF:0
FNH:0
DA:13,1
LF:1
LH:1
BRF:0
BRH:0
end_of_record
TN:
SF:src/client/tetrisLogic/wallKick.js
FN:16,wallKick
FN:31,(anonymous_1)
FNF:2
FNH:0
FNDA:0,wallKick
FNDA:0,(anonymous_1)
DA:19,0
DA:20,0
DA:27,0
DA:31,0
DA:32,0
DA:34,0
DA:35,0
DA:36,0
DA:37,0
DA:44,0
DA:47,0
LF:11
LH:0
BRDA:19,0,0,0
BRDA:19,0,1,0
BRDA:27,1,0,0
BRDA:27,1,1,0
BRDA:32,2,0,0
BRDA:32,2,1,0
BRDA:36,3,0,0
BRDA:36,3,1,0
BRDA:47,4,0,0
BRDA:47,4,1,0
BRF:10
BRH:0
end_of_record
TN:
SF:src/client/tetrisLogic/wallKickData.js
FNF:0
FNH:0
DA:24,0
LF:1
LH:0
BRF:0
BRH:0
end_of_record
TN:
SF:src/server/main.js
FN:27,(anonymous_0)
FN:31,(anonymous_1)
FN:34,(anonymous_2)
FN:38,(anonymous_3)
FN:44,(anonymous_4)
FN:45,(anonymous_5)
FN:55,(anonymous_6)
FN:60,(anonymous_7)
FN:65,(anonymous_8)
FN:71,(anonymous_9)
FN:72,(anonymous_10)
FN:77,(anonymous_11)
FN:83,(anonymous_12)
FN:90,(anonymous_13)
FN:95,(anonymous_14)
FN:100,(anonymous_15)
FNF:16
FNH:0
FNDA:0,(anonymous_0)
FNDA:0,(anonymous_1)
FNDA:0,(anonymous_2)
FNDA:0,(anonymous_3)
FNDA:0,(anonymous_4)
FNDA:0,(anonymous_5)
FNDA:0,(anonymous_6)
FNDA:0,(anonymous_7)
FNDA:0,(anonymous_8)
FNDA:0,(anonymous_9)
FNDA:0,(anonymous_10)
FNDA:0,(anonymous_11)
FNDA:0,(anonymous_12)
FNDA:0,(anonymous_13)
FNDA:0,(anonymous_14)
FNDA:0,(anonymous_15)
DA:16,0
DA:17,0
DA:25,0
DA:27,0
DA:29,0
DA:31,0
DA:32,0
DA:34,0
DA:35,0
DA:36,0
DA:37,0
DA:38,0
DA:39,0
DA:40,0
DA:41,0
DA:44,0
DA:45,0
DA:48,0
DA:49,0
DA:50,0
DA:51,0
DA:52,0
DA:55,0
DA:56,0
DA:57,0
DA:60,0
DA:61,0
DA:62,0
DA:65,0
DA:66,0
DA:67,0
DA:68,0
DA:69,0
DA:71,0
DA:72,0
DA:77,0
DA:78,0
DA:79,0
DA:80,0
DA:83,0
DA:84,0
DA:85,0
DA:90,0
DA:91,0
DA:92,0
DA:95,0
DA:96,0
DA:97,0
DA:100,0
DA:101,0
DA:102,0
DA:109,0
DA:110,0
DA:111,0
LF:54
LH:0
BRDA:35,0,0,0
BRDA:35,0,1,0
BRDA:48,1,0,0
BRDA:48,1,1,0
BRDA:66,2,0,0
BRDA:66,2,1,0
BRDA:78,3,0,0
BRDA:78,3,1,0
BRDA:84,4,0,0
BRDA:84,4,1,0
BRDA:96,5,0,0
BRDA:96,5,1,0
BRDA:101,6,0,0
BRDA:101,6,1,0
BRF:14
BRH:0
end_of_record
TN:
SF:src/server/start.js
FNF:0
FNH:0
DA:13,0
DA:17,0
LF:2
LH:0
BRF:0
BRH:0
end_of_record
TN:
SF:src/server/classes/Game.js
FN:14,(anonymous_0)
FN:23,(anonymous_1)
FN:28,(anonymous_2)
FN:34,(anonymous_3)
FN:38,(anonymous_4)
FN:39,(anonymous_5)
FN:45,(anonymous_6)
FN:49,(anonymous_7)
FNF:8
FNH:0
FNDA:0,(anonymous_0)
FNDA:0,(anonymous_1)
FNDA:0,(anonymous_2)
FNDA:0,(anonymous_3)
FNDA:0,(anonymous_4)
FNDA:0,(anonymous_5)
FNDA:0,(anonymous_6)
FNDA:0,(anonymous_7)
DA:15,0
DA:16,0
DA:17,0
DA:18,0
DA:19,0
DA:20,0
DA:24,0
DA:28,0
DA:35,0
DA:39,0
DA:40,0
DA:46,0
DA:50,0
DA:51,0
LF:14
LH:0
BRDA:40,0,0,0
BRDA:40,0,1,0
BRF:2
BRH:0
end_of_record
TN:
SF:src/server/classes/Player.js
FN:14,(anonymous_0)
FN:22,(anonymous_1)
FN:30,(anonymous_2)
FN:35,(anonymous_3)
FN:44,(anonymous_4)
FN:48,(anonymous_5)
FNF:6
FNH:0
FNDA:0,(anonymous_0)
FNDA:0,(anonymous_1)
FNDA:0,(anonymous_2)
FNDA:0,(anonymous_3)
FNDA:0,(anonymous_4)
FNDA:0,(anonymous_5)
DA:15,0
DA:16,0
DA:17,0
DA:18,0
DA:19,0
DA:23,0
DA:24,0
DA:25,0
DA:26,0
DA:31,0
DA:32,0
DA:36,0
DA:45,0
DA:49,0
DA:50,0
LF:15
LH:0
BRDA:14,0,0,0
BRDA:14,1,0,0
BRDA:23,2,0,0
BRDA:23,2,1,0
BRDA:24,3,0,0
BRDA:24,3,1,0
BRDA:31,4,0,0
BRDA:31,4,1,0
BRDA:48,5,0,0
BRDA:48,6,0,0
BRF:10
BRH:0
end_of_record
TN:
SF:src/server/classes/RandomPieceGenerator.js
FN:22,(anonymous_0)
FN:42,(anonymous_1)
FN:48,(anonymous_2)
FN:57,(anonymous_3)
FN:69,(anonymous_4)
FNF:5
FNH:0
FNDA:0,(anonymous_0)
FNDA:0,(anonymous_1)
FNDA:0,(anonymous_2)
FNDA:0,(anonymous_3)
FNDA:0,(anonymous_4)
DA:23,0
DA:32,0
DA:33,0
DA:35,0
DA:38,0
DA:43,0
DA:51,0
DA:54,0
DA:58,0
DA:61,0
DA:62,0
DA:63,0
DA:65,0
DA:66,0
DA:70,0
DA:71,0
DA:72,0
LF:17
LH:0
BRDA:61,0,0,0
BRDA:61,0,1,0
BRDA:65,1,0,0
BRDA:65,1,1,0
BRF:4
BRH:0
end_of_record
